<?xml version="1.0" encoding="UTF-8"?>
<testsuite xmlns:xsi="http://www.w3.org/2001/XMLSchema-instance" xsi:noNamespaceSchemaLocation="https://maven.apache.org/surefire/maven-surefire-plugin/xsd/surefire-test-report.xsd" name="org.example.AppTest" time="0.024" tests="45" errors="0" skipped="0" failures="0">
  <properties>
[...]
</properties>
  <testcase name="testArabicToRoman1" classname="org.example.AppTest" time="0.011"/>
  <testcase name="testArabicToRoman2" classname="org.example.AppTest" time="0"/>
  <testcase name="testArabicToRoman3" classname="org.example.AppTest" time="0"/>
  <testcase name="testArabicToRoman4" classname="org.example.AppTest" time="0"/>
  <testcase name="testArabicToRoman5" classname="org.example.AppTest" time="0"/>
  <testcase name="testArabicToRoman6" classname="org.example.AppTest" time="0"/>
  <testcase name="testArabicToRoman9" classname="org.example.AppTest" time="0"/>
  <testcase name="testRomanToArabicEmptyString" classname="org.example.AppTest" time="0"/>
  <testcase name="testEmptyRoman" classname="org.example.AppTest" time="0"/>
  <testcase name="testRomanToArabicComplex1" classname="org.example.AppTest" time="0"/>
  <testcase name="testRomanToArabicComplex2" classname="org.example.AppTest" time="0.001"/>
  <testcase name="testRomanToArabicComplex3" classname="org.example.AppTest" time="0"/>
  <testcase name="testRomanToArabicOrder" classname="org.example.AppTest" time="0"/>
  <testcase name="testArabicToRoman10" classname="org.example.AppTest" time="0"/>
  <testcase name="testArabicToRoman11" classname="org.example.AppTest" time="0"/>
  <testcase name="testArabicToRoman40" classname="org.example.AppTest" time="0"/>
  <testcase name="testArabicToRoman50" classname="org.example.AppTest" time="0"/>
  <testcase name="testArabicToRoman90" classname="org.example.AppTest" time="0"/>
  <testcase name="testRomanToArabicMMXX" classname="org.example.AppTest" time="0"/>
  <testcase name="testArabicToRomanComplex1" classname="org.example.AppTest" time="0"/>
  <testcase name="testArabicToRomanComplex2" classname="org.example.AppTest" time="0.001"/>
  <testcase name="testArabicToRomanComplex3" classname="org.example.AppTest" time="0"/>
  <testcase name="testArabicToRoman100" classname="org.example.AppTest" time="0"/>
  <testcase name="testArabicToRoman400" classname="org.example.AppTest" time="0"/>
  <testcase name="testArabicToRoman500" classname="org.example.AppTest" time="0.001"/>
  <testcase name="testArabicToRoman900" classname="org.example.AppTest" time="0"/>
  <testcase name="testRomanToArabicC" classname="org.example.AppTest" time="0"/>
  <testcase name="testRomanToArabicD" classname="org.example.AppTest" time="0"/>
  <testcase name="testRomanToArabicI" classname="org.example.AppTest" time="0"/>
  <testcase name="testRomanToArabicL" classname="org.example.AppTest" time="0.001"/>
  <testcase name="testRomanToArabicM" classname="org.example.AppTest" time="0"/>
  <testcase name="testRomanToArabicV" classname="org.example.AppTest" time="0"/>
  <testcase name="testRomanToArabicX" classname="org.example.AppTest" time="0"/>
  <testcase name="testArabicToRoman1000" classname="org.example.AppTest" time="0"/>
  <testcase name="testArabicToRoman2020" classname="org.example.AppTest" time="0.001"/>
  <testcase name="testRomanToArabicCD" classname="org.example.AppTest" time="0"/>
  <testcase name="testRomanToArabicCM" classname="org.example.AppTest" time="0"/>
  <testcase name="testRomanToArabicII" classname="org.example.AppTest" time="0"/>
  <testcase name="testRomanToArabicIV" classname="org.example.AppTest" time="0"/>
  <testcase name="testRomanToArabicIX" classname="org.example.AppTest" time="0"/>
  <testcase name="testRomanToArabicVI" classname="org.example.AppTest" time="0"/>
  <testcase name="testRomanToArabicXC" classname="org.example.AppTest" time="0"/>
  <testcase name="testRomanToArabicXI" classname="org.example.AppTest" time="0"/>
  <testcase name="testRomanToArabicXL" classname="org.example.AppTest" time="0"/>
  <testcase name="testRomanToArabicIII" classname="org.example.AppTest" time="0"/>
</testsuite>