<?xml version="1.0" encoding="UTF-8"?>
<testsuite xmlns:xsi="http://www.w3.org/2001/XMLSchema-instance" xsi:noNamespaceSchemaLocation="https://maven.apache.org/surefire/maven-surefire-plugin/xsd/surefire-test-report.xsd" name="com.example.AppTest" time="0.019" tests="22" errors="0" skipped="0" failures="0">
  <properties>
[...]
</properties>
  <testcase name="testEmployeeCountWithNoCompanies" classname="com.example.AppTest" time="0.009"/>
  <testcase name="testTopLevelParentWithDeepHierarchy" classname="com.example.AppTest" time="0"/>
  <testcase name="testEmployeeCountForSingleCompany" classname="com.example.AppTest" time="0.001"/>
  <testcase name="testTopLevelParentWithParent" classname="com.example.AppTest" time="0"/>
  <testcase name="testEmployeeCountWithDeepHierarchy" classname="com.example.AppTest" time="0"/>
  <testcase name="testTopLevelParentWithNullParent" classname="com.example.AppTest" time="0"/>
  <testcase name="testEmployeeCountWithCyclicReference" classname="com.example.AppTest" time="0"/>
  <testcase name="testEmployeeCountWithUnrelatedCompanies" classname="com.example.AppTest" time="0"/>
  <testcase name="testEmployeeCountWithMultipleChildren" classname="com.example.AppTest" time="0"/>
  <testcase name="testTopLevelParentForNullCompany" classname="com.example.AppTest" time="0"/>
  <testcase name="testEmployeeCountForGrandChildren" classname="com.example.AppTest" time="0"/>
  <testcase name="testTopLevelParentForSingleCompany" classname="com.example.AppTest" time="0"/>
  <testcase name="testEmployeeCountWithNullCompany" classname="com.example.AppTest" time="0"/>
  <testcase name="testEmployeeCountWithEmptyCompanyList" classname="com.example.AppTest" time="0.001"/>
  <testcase name="testEmployeeCountWithNoChildren" classname="com.example.AppTest" time="0"/>
  <testcase name="testTopLevelParentForNestedCompany" classname="com.example.AppTest" time="0"/>
  <testcase name="testEmployeeCountWithNestedChildren" classname="com.example.AppTest" time="0.001"/>
  <testcase name="testEmployeeCountWithDisconnectedHierarchy" classname="com.example.AppTest" time="0"/>
  <testcase name="testEmployeeCountWithOneChild" classname="com.example.AppTest" time="0"/>
  <testcase name="testTopLevelParentWithGrandChild" classname="com.example.AppTest" time="0"/>
  <testcase name="testEmployeeCountWithSelfReference" classname="com.example.AppTest" time="0"/>
  <testcase name="testEmployeeCountForNonChildCompany" classname="com.example.AppTest" time="0"/>
</testsuite>